{"level":"info","message":"Initializing Hedera client","network":"testnet","operatorId":"0.0.6061899","timestamp":"2025-06-06T19:58:46.715Z"}
{"level":"info","message":"Hedera operator set with private key","timestamp":"2025-06-06T19:58:46.716Z"}
{"commands":["start","help","create_wallet","balance","send_hbar","search_markets"],"level":"info","message":"Bot starting...","polling":true,"timestamp":"2025-06-06T19:58:46.759Z"}
{"level":"info","message":"Bot commands set successfully","timestamp":"2025-06-06T19:58:47.563Z"}
{"chatId":1070774807,"command":"/start","level":"info","message":"Telegram request received","timestamp":"2025-06-06T19:59:32.044Z","userId":1070774807,"username":"ocohen1"}
{"chatId":1070774807,"command":"start","level":"info","message":"Telegram request received","timestamp":"2025-06-06T19:59:32.046Z","userId":1070774807,"username":"ocohen1"}
{"chatId":1070774807,"command":"callback_query: balance","level":"info","message":"Telegram request received","timestamp":"2025-06-06T19:59:33.837Z","userId":7988575448,"username":"Aigent_victorai_bot"}
{"action":"balance","level":"warn","message":"Unknown callback query action","msg":{"chat":{"first_name":"Omri","id":1070774807,"type":"private","username":"ocohen1"},"date":1749239972,"from":{"first_name":"Victorai","id":7988575448,"is_bot":true,"username":"Aigent_victorai_bot"},"message_id":485,"reply_markup":{"inline_keyboard":[[{"callback_data":"create_wallet","text":"💳 Create Wallet"},{"callback_data":"balance","text":"💰 Check Balance"}],[{"callback_data":"send_hbar","text":"💸 Send HBAR"},{"callback_data":"search_markets","text":"🔍 Search Markets"}],[{"callback_data":"help","text":"❓ Help"}]]},"text":"🎉 Welcome to the Hedera Polymarket Bot!\n\nI can help you manage your Hedera wallet for Polymarket predictions and DeFi activities.\n\nChoose an action from the buttons below to get started! 🚀"},"timestamp":"2025-06-06T19:59:33.839Z"}
{"chatId":1070774807,"command":"callback_query: balance","level":"info","message":"Telegram request received","timestamp":"2025-06-06T19:59:34.602Z","userId":7988575448,"username":"Aigent_victorai_bot"}
{"action":"balance","level":"warn","message":"Unknown callback query action","msg":{"chat":{"first_name":"Omri","id":1070774807,"type":"private","username":"ocohen1"},"date":1749239972,"from":{"first_name":"Victorai","id":7988575448,"is_bot":true,"username":"Aigent_victorai_bot"},"message_id":485,"reply_markup":{"inline_keyboard":[[{"callback_data":"create_wallet","text":"💳 Create Wallet"},{"callback_data":"balance","text":"💰 Check Balance"}],[{"callback_data":"send_hbar","text":"💸 Send HBAR"},{"callback_data":"search_markets","text":"🔍 Search Markets"}],[{"callback_data":"help","text":"❓ Help"}]]},"text":"🎉 Welcome to the Hedera Polymarket Bot!\n\nI can help you manage your Hedera wallet for Polymarket predictions and DeFi activities.\n\nChoose an action from the buttons below to get started! 🚀"},"timestamp":"2025-06-06T19:59:34.603Z"}
{"chatId":1070774807,"command":"callback_query: balance","level":"info","message":"Telegram request received","timestamp":"2025-06-06T20:00:24.219Z","userId":7988575448,"username":"Aigent_victorai_bot"}
{"action":"balance","level":"warn","message":"Unknown callback query action","msg":{"chat":{"first_name":"Omri","id":1070774807,"type":"private","username":"ocohen1"},"date":1749239972,"from":{"first_name":"Victorai","id":7988575448,"is_bot":true,"username":"Aigent_victorai_bot"},"message_id":485,"reply_markup":{"inline_keyboard":[[{"callback_data":"create_wallet","text":"💳 Create Wallet"},{"callback_data":"balance","text":"💰 Check Balance"}],[{"callback_data":"send_hbar","text":"💸 Send HBAR"},{"callback_data":"search_markets","text":"🔍 Search Markets"}],[{"callback_data":"help","text":"❓ Help"}]]},"text":"🎉 Welcome to the Hedera Polymarket Bot!\n\nI can help you manage your Hedera wallet for Polymarket predictions and DeFi activities.\n\nChoose an action from the buttons below to get started! 🚀"},"timestamp":"2025-06-06T20:00:24.219Z"}
{"level":"info","message":"Initializing Hedera client","network":"testnet","operatorId":"0.0.6061899","timestamp":"2025-06-06T20:01:45.363Z"}
{"level":"info","message":"Hedera operator set with private key","timestamp":"2025-06-06T20:01:45.365Z"}
{"commands":["start","help","create_wallet","balance","send_hbar","search_markets"],"level":"info","message":"Bot starting...","polling":true,"timestamp":"2025-06-06T20:01:45.405Z"}
{"level":"info","message":"Bot commands set successfully","timestamp":"2025-06-06T20:01:45.973Z"}
{"level":"info","message":"Initializing Hedera client","network":"testnet","operatorId":"0.0.6061899","timestamp":"2025-06-06T20:01:58.628Z"}
{"level":"info","message":"Hedera operator set with private key","timestamp":"2025-06-06T20:01:58.630Z"}
{"commands":["start","help","create_wallet","balance","send_hbar","search_markets"],"level":"info","message":"Bot starting...","polling":true,"timestamp":"2025-06-06T20:01:58.672Z"}
{"level":"info","message":"Bot commands set successfully","timestamp":"2025-06-06T20:01:59.274Z"}
{"chatId":1070774807,"command":"callback_query: balance","level":"info","message":"Telegram request received","timestamp":"2025-06-06T20:02:03.163Z","userId":7988575448,"username":"Aigent_victorai_bot"}
{"chatId":1070774807,"command":"callback_query: help","level":"info","message":"Telegram request received","timestamp":"2025-06-06T20:02:07.061Z","userId":7988575448,"username":"Aigent_victorai_bot"}
{"chatId":1070774807,"command":"callback_query: create_wallet","level":"info","message":"Telegram request received","timestamp":"2025-06-06T20:02:09.111Z","userId":7988575448,"username":"Aigent_victorai_bot"}
{"chatId":1070774807,"command":"callback_query: balance","level":"info","message":"Telegram request received","timestamp":"2025-06-06T20:02:19.263Z","userId":7988575448,"username":"Aigent_victorai_bot"}
{"chatId":1070774807,"command":"callback_query: search_markets","level":"info","message":"Telegram request received","timestamp":"2025-06-06T20:03:06.277Z","userId":7988575448,"username":"Aigent_victorai_bot"}
{"chatId":1070774807,"command":"Trump","level":"info","message":"Telegram request received","timestamp":"2025-06-06T20:03:12.710Z","userId":1070774807,"username":"ocohen1"}
{"level":"info","message":"Initializing Hedera client","network":"testnet","operatorId":"0.0.6061899","timestamp":"2025-06-06T20:03:55.660Z"}
{"level":"info","message":"Hedera operator set with private key","timestamp":"2025-06-06T20:03:55.662Z"}
{"commands":["start","help","create_wallet","balance","send_hbar","search_markets"],"level":"info","message":"Bot starting...","polling":true,"timestamp":"2025-06-06T20:03:55.706Z"}
{"level":"info","message":"Bot commands set successfully","timestamp":"2025-06-06T20:03:56.558Z"}
{"chatId":1070774807,"command":"callback_query: search_markets","level":"info","message":"Telegram request received","timestamp":"2025-06-06T20:04:06.930Z","userId":7988575448,"username":"Aigent_victorai_bot"}
{"chatId":1070774807,"command":"Trump","level":"info","message":"Telegram request received","timestamp":"2025-06-06T20:04:13.913Z","userId":1070774807,"username":"ocohen1"}
{"chatId":1070774807,"command":"/search_markets","level":"info","message":"Telegram request received","timestamp":"2025-06-06T20:04:29.012Z","userId":1070774807,"username":"ocohen1"}
{"chatId":1070774807,"command":"search_markets","level":"info","message":"Telegram request received","timestamp":"2025-06-06T20:04:29.013Z","userId":1070774807,"username":"ocohen1"}
{"chatId":1070774807,"command":"Trump","level":"info","message":"Telegram request received","timestamp":"2025-06-06T20:04:34.511Z","userId":1070774807,"username":"ocohen1"}
{"level":"info","message":"Initializing Hedera client","network":"testnet","operatorId":"0.0.6061899","timestamp":"2025-06-06T20:04:36.730Z"}
{"level":"info","message":"Hedera operator set with private key","timestamp":"2025-06-06T20:04:36.732Z"}
{"commands":["start","help","create_wallet","wallet_info","balance","send_hbar","search_markets"],"level":"info","message":"Bot starting...","polling":true,"timestamp":"2025-06-06T20:04:36.775Z"}
{"level":"info","message":"Bot commands set successfully","timestamp":"2025-06-06T20:04:37.342Z"}
{"level":"info","message":"Initializing Hedera client","network":"testnet","operatorId":"0.0.6061899","timestamp":"2025-06-06T20:04:46.870Z"}
{"level":"info","message":"Hedera operator set with private key","timestamp":"2025-06-06T20:04:46.871Z"}
{"commands":["start","help","create_wallet","wallet_info","balance","send_hbar","search_markets"],"level":"info","message":"Bot starting...","polling":true,"timestamp":"2025-06-06T20:04:46.915Z"}
{"level":"info","message":"Bot commands set successfully","timestamp":"2025-06-06T20:04:47.559Z"}
{"level":"info","message":"Initializing Hedera client","network":"testnet","operatorId":"0.0.6061899","timestamp":"2025-06-06T20:05:00.828Z"}
{"level":"info","message":"Hedera operator set with private key","timestamp":"2025-06-06T20:05:00.830Z"}
{"commands":["start","help","create_wallet","wallet_info","balance","send_hbar","search_markets"],"level":"info","message":"Bot starting...","polling":true,"timestamp":"2025-06-06T20:05:00.873Z"}
{"level":"info","message":"Bot commands set successfully","timestamp":"2025-06-06T20:05:01.578Z"}
{"level":"info","message":"Initializing Hedera client","network":"testnet","operatorId":"0.0.6061899","timestamp":"2025-06-06T20:05:16.243Z"}
{"level":"info","message":"Hedera operator set with private key","timestamp":"2025-06-06T20:05:16.245Z"}
{"commands":["start","help","create_wallet","wallet_info","balance","send_hbar","search_markets"],"level":"info","message":"Bot starting...","polling":true,"timestamp":"2025-06-06T20:05:16.287Z"}
{"level":"info","message":"Bot commands set successfully","timestamp":"2025-06-06T20:05:17.049Z"}
{"chatId":1070774807,"command":"/balance","level":"info","message":"Telegram request received","timestamp":"2025-06-06T20:05:18.585Z","userId":1070774807,"username":"ocohen1"}
{"chatId":1070774807,"command":"balance","level":"info","message":"Telegram request received","timestamp":"2025-06-06T20:05:18.587Z","userId":1070774807,"username":"ocohen1"}
{"chatId":1070774807,"command":"/help","level":"info","message":"Telegram request received","timestamp":"2025-06-06T20:05:23.253Z","userId":1070774807,"username":"ocohen1"}
{"chatId":1070774807,"command":"help","level":"info","message":"Telegram request received","timestamp":"2025-06-06T20:05:23.254Z","userId":1070774807,"username":"ocohen1"}
{"error":{"message":"ETELEGRAM: 400 Bad Request: can't parse entities: Can't find end of the entity starting at byte offset 811","stack":"Error: ETELEGRAM: 400 Bad Request: can't parse entities: Can't find end of the entity starting at byte offset 811\n    at /Users/omri/dev/tgPolymarketBot/node_modules/node-telegram-bot-api/src/telegram.js:316:15\nFrom previous event:\n    at Request.RP$exposed [as then] (/Users/omri/dev/tgPolymarketBot/node_modules/request-promise-core/lib/plumbing.js:145:61)\n    at TelegramBot._request (/Users/omri/dev/tgPolymarketBot/node_modules/node-telegram-bot-api/src/telegram.js:304:8)\n    at TelegramBot.sendMessage (/Users/omri/dev/tgPolymarketBot/node_modules/node-telegram-bot-api/src/telegram.js:970:17)\n    at handleHelp (/Users/omri/dev/tgPolymarketBot/src/handlers/help-handler.ts:48:15)\n    at Object.callback (/Users/omri/dev/tgPolymarketBot/src/bot.ts:79:21)\n    at /Users/omri/dev/tgPolymarketBot/node_modules/node-telegram-bot-api/src/telegram.js:727:15\n    at Array.some (<anonymous>)\n    at TelegramBot.processUpdate (/Users/omri/dev/tgPolymarketBot/node_modules/node-telegram-bot-api/src/telegram.js:713:35)\n    at /Users/omri/dev/tgPolymarketBot/node_modules/node-telegram-bot-api/src/telegramPolling.js:110:22\n    at Array.forEach (<anonymous>)\n    at /Users/omri/dev/tgPolymarketBot/node_modules/node-telegram-bot-api/src/telegramPolling.js:106:17\n    at processImmediate (node:internal/timers:483:21)\nFrom previous event:\n    at TelegramBotPolling._polling (/Users/omri/dev/tgPolymarketBot/node_modules/node-telegram-bot-api/src/telegramPolling.js:103:8)\n    at Timeout._onTimeout (/Users/omri/dev/tgPolymarketBot/node_modules/node-telegram-bot-api/src/telegramPolling.js:168:56)\n    at listOnTimeout (node:internal/timers:581:17)\n    at processTimers (node:internal/timers:519:7)"},"level":"error","message":"Error in Unhandled Rejection","promise":{},"timestamp":"2025-06-06T20:05:23.409Z"}
{"level":"info","message":"Received shutdown signal, starting graceful shutdown...","timestamp":"2025-06-06T20:05:23.410Z"}
{"level":"info","message":"Bot polling stopped","timestamp":"2025-06-06T20:05:23.411Z"}
{"level":"info","message":"Database connections closed","timestamp":"2025-06-06T20:05:23.417Z"}
{"level":"info","message":"Initializing Hedera client","network":"testnet","operatorId":"0.0.6061899","timestamp":"2025-06-06T20:05:27.385Z"}
{"level":"info","message":"Hedera operator set with private key","timestamp":"2025-06-06T20:05:27.387Z"}
{"commands":["start","help","create_wallet","wallet_info","balance","send_hbar","search_markets"],"level":"info","message":"Bot starting...","polling":true,"timestamp":"2025-06-06T20:05:27.432Z"}
{"chatId":1070774807,"command":"/help","level":"info","message":"Telegram request received","timestamp":"2025-06-06T20:05:27.894Z","userId":1070774807,"username":"ocohen1"}
{"chatId":1070774807,"command":"help","level":"info","message":"Telegram request received","timestamp":"2025-06-06T20:05:27.895Z","userId":1070774807,"username":"ocohen1"}
{"level":"info","message":"Bot commands set successfully","timestamp":"2025-06-06T20:05:28.004Z"}
{"error":{"message":"ETELEGRAM: 400 Bad Request: can't parse entities: Can't find end of the entity starting at byte offset 811","stack":"Error: ETELEGRAM: 400 Bad Request: can't parse entities: Can't find end of the entity starting at byte offset 811\n    at /Users/omri/dev/tgPolymarketBot/node_modules/node-telegram-bot-api/src/telegram.js:316:15\nFrom previous event:\n    at Request.RP$exposed [as then] (/Users/omri/dev/tgPolymarketBot/node_modules/request-promise-core/lib/plumbing.js:145:61)\n    at TelegramBot._request (/Users/omri/dev/tgPolymarketBot/node_modules/node-telegram-bot-api/src/telegram.js:304:8)\n    at TelegramBot.sendMessage (/Users/omri/dev/tgPolymarketBot/node_modules/node-telegram-bot-api/src/telegram.js:970:17)\n    at handleHelp (/Users/omri/dev/tgPolymarketBot/src/handlers/help-handler.ts:48:15)\n    at Object.callback (/Users/omri/dev/tgPolymarketBot/src/bot.ts:79:21)\n    at /Users/omri/dev/tgPolymarketBot/node_modules/node-telegram-bot-api/src/telegram.js:727:15\n    at Array.some (<anonymous>)\n    at TelegramBot.processUpdate (/Users/omri/dev/tgPolymarketBot/node_modules/node-telegram-bot-api/src/telegram.js:713:35)\n    at /Users/omri/dev/tgPolymarketBot/node_modules/node-telegram-bot-api/src/telegramPolling.js:110:22\n    at Array.forEach (<anonymous>)\n    at /Users/omri/dev/tgPolymarketBot/node_modules/node-telegram-bot-api/src/telegramPolling.js:106:17\n    at processImmediate (node:internal/timers:483:21)\nFrom previous event:\n    at TelegramBotPolling._polling (/Users/omri/dev/tgPolymarketBot/node_modules/node-telegram-bot-api/src/telegramPolling.js:103:8)\n    at TelegramBotPolling.start (/Users/omri/dev/tgPolymarketBot/node_modules/node-telegram-bot-api/src/telegramPolling.js:48:17)\n    at TelegramBot.startPolling (/Users/omri/dev/tgPolymarketBot/node_modules/node-telegram-bot-api/src/telegram.js:423:26)\n    at new TelegramBot (/Users/omri/dev/tgPolymarketBot/node_modules/node-telegram-bot-api/src/telegram.js:179:14)\n    at Object.<anonymous> (/Users/omri/dev/tgPolymarketBot/src/bot.ts:35:20)\n    at Module._compile (node:internal/modules/cjs/loader:1529:14)\n    at Module.m._compile (/Users/omri/dev/tgPolymarketBot/node_modules/ts-node/src/index.ts:1618:23)\n    at Module._extensions..js (node:internal/modules/cjs/loader:1613:10)\n    at Object.require.extensions.<computed> [as .ts] (/Users/omri/dev/tgPolymarketBot/node_modules/ts-node/src/index.ts:1621:12)\n    at Module.load (node:internal/modules/cjs/loader:1275:32)\n    at Function.Module._load (node:internal/modules/cjs/loader:1096:12)\n    at Module.require (node:internal/modules/cjs/loader:1298:19)\n    at require (node:internal/modules/helpers:182:18)\n    at Object.<anonymous> (/Users/omri/dev/tgPolymarketBot/src/index.ts:4:1)\n    at Module._compile (node:internal/modules/cjs/loader:1529:14)\n    at Module.m._compile (/Users/omri/dev/tgPolymarketBot/node_modules/ts-node/src/index.ts:1618:23)\n    at Module._extensions..js (node:internal/modules/cjs/loader:1613:10)\n    at Object.require.extensions.<computed> [as .ts] (/Users/omri/dev/tgPolymarketBot/node_modules/ts-node/src/index.ts:1621:12)\n    at Module.load (node:internal/modules/cjs/loader:1275:32)\n    at Function.Module._load (node:internal/modules/cjs/loader:1096:12)\n    at Function.executeUserEntryPoint [as runMain] (node:internal/modules/run_main:164:12)\n    at phase4 (/Users/omri/dev/tgPolymarketBot/node_modules/ts-node/src/bin.ts:649:14)\n    at bootstrap (/Users/omri/dev/tgPolymarketBot/node_modules/ts-node/src/bin.ts:95:10)\n    at main (/Users/omri/dev/tgPolymarketBot/node_modules/ts-node/src/bin.ts:55:10)\n    at Object.<anonymous> (/Users/omri/dev/tgPolymarketBot/node_modules/ts-node/src/bin.ts:800:3)"},"level":"error","message":"Error in Unhandled Rejection","promise":{},"timestamp":"2025-06-06T20:05:28.040Z"}
{"level":"info","message":"Received shutdown signal, starting graceful shutdown...","timestamp":"2025-06-06T20:05:28.041Z"}
{"level":"info","message":"Initializing Hedera client","network":"testnet","operatorId":"0.0.6061899","timestamp":"2025-06-06T20:05:37.129Z"}
{"level":"info","message":"Hedera operator set with private key","timestamp":"2025-06-06T20:05:37.131Z"}
{"commands":["start","help","create_wallet","wallet_info","balance","send_hbar","search_markets"],"level":"info","message":"Bot starting...","polling":true,"timestamp":"2025-06-06T20:05:37.173Z"}
{"chatId":1070774807,"command":"/help","level":"info","message":"Telegram request received","timestamp":"2025-06-06T20:05:37.648Z","userId":1070774807,"username":"ocohen1"}
{"chatId":1070774807,"command":"help","level":"info","message":"Telegram request received","timestamp":"2025-06-06T20:05:37.649Z","userId":1070774807,"username":"ocohen1"}
{"chatId":1070774807,"command":"/help","level":"info","message":"Telegram request received","timestamp":"2025-06-06T20:05:37.650Z","userId":1070774807,"username":"ocohen1"}
{"chatId":1070774807,"command":"help","level":"info","message":"Telegram request received","timestamp":"2025-06-06T20:05:37.651Z","userId":1070774807,"username":"ocohen1"}
{"level":"info","message":"Bot commands set successfully","timestamp":"2025-06-06T20:05:37.750Z"}
{"error":{"message":"ETELEGRAM: 400 Bad Request: can't parse entities: Can't find end of the entity starting at byte offset 811","stack":"Error: ETELEGRAM: 400 Bad Request: can't parse entities: Can't find end of the entity starting at byte offset 811\n    at /Users/omri/dev/tgPolymarketBot/node_modules/node-telegram-bot-api/src/telegram.js:316:15\nFrom previous event:\n    at Request.RP$exposed [as then] (/Users/omri/dev/tgPolymarketBot/node_modules/request-promise-core/lib/plumbing.js:145:61)\n    at TelegramBot._request (/Users/omri/dev/tgPolymarketBot/node_modules/node-telegram-bot-api/src/telegram.js:304:8)\n    at TelegramBot.sendMessage (/Users/omri/dev/tgPolymarketBot/node_modules/node-telegram-bot-api/src/telegram.js:970:17)\n    at handleHelp (/Users/omri/dev/tgPolymarketBot/src/handlers/help-handler.ts:48:15)\n    at Object.callback (/Users/omri/dev/tgPolymarketBot/src/bot.ts:79:21)\n    at /Users/omri/dev/tgPolymarketBot/node_modules/node-telegram-bot-api/src/telegram.js:727:15\n    at Array.some (<anonymous>)\n    at TelegramBot.processUpdate (/Users/omri/dev/tgPolymarketBot/node_modules/node-telegram-bot-api/src/telegram.js:713:35)\n    at /Users/omri/dev/tgPolymarketBot/node_modules/node-telegram-bot-api/src/telegramPolling.js:110:22\n    at Array.forEach (<anonymous>)\n    at /Users/omri/dev/tgPolymarketBot/node_modules/node-telegram-bot-api/src/telegramPolling.js:106:17\n    at processImmediate (node:internal/timers:483:21)\nFrom previous event:\n    at TelegramBotPolling._polling (/Users/omri/dev/tgPolymarketBot/node_modules/node-telegram-bot-api/src/telegramPolling.js:103:8)\n    at TelegramBotPolling.start (/Users/omri/dev/tgPolymarketBot/node_modules/node-telegram-bot-api/src/telegramPolling.js:48:17)\n    at TelegramBot.startPolling (/Users/omri/dev/tgPolymarketBot/node_modules/node-telegram-bot-api/src/telegram.js:423:26)\n    at new TelegramBot (/Users/omri/dev/tgPolymarketBot/node_modules/node-telegram-bot-api/src/telegram.js:179:14)\n    at Object.<anonymous> (/Users/omri/dev/tgPolymarketBot/src/bot.ts:35:20)\n    at Module._compile (node:internal/modules/cjs/loader:1529:14)\n    at Module.m._compile (/Users/omri/dev/tgPolymarketBot/node_modules/ts-node/src/index.ts:1618:23)\n    at Module._extensions..js (node:internal/modules/cjs/loader:1613:10)\n    at Object.require.extensions.<computed> [as .ts] (/Users/omri/dev/tgPolymarketBot/node_modules/ts-node/src/index.ts:1621:12)\n    at Module.load (node:internal/modules/cjs/loader:1275:32)\n    at Function.Module._load (node:internal/modules/cjs/loader:1096:12)\n    at Module.require (node:internal/modules/cjs/loader:1298:19)\n    at require (node:internal/modules/helpers:182:18)\n    at Object.<anonymous> (/Users/omri/dev/tgPolymarketBot/src/index.ts:4:1)\n    at Module._compile (node:internal/modules/cjs/loader:1529:14)\n    at Module.m._compile (/Users/omri/dev/tgPolymarketBot/node_modules/ts-node/src/index.ts:1618:23)\n    at Module._extensions..js (node:internal/modules/cjs/loader:1613:10)\n    at Object.require.extensions.<computed> [as .ts] (/Users/omri/dev/tgPolymarketBot/node_modules/ts-node/src/index.ts:1621:12)\n    at Module.load (node:internal/modules/cjs/loader:1275:32)\n    at Function.Module._load (node:internal/modules/cjs/loader:1096:12)\n    at Function.executeUserEntryPoint [as runMain] (node:internal/modules/run_main:164:12)\n    at phase4 (/Users/omri/dev/tgPolymarketBot/node_modules/ts-node/src/bin.ts:649:14)\n    at bootstrap (/Users/omri/dev/tgPolymarketBot/node_modules/ts-node/src/bin.ts:95:10)\n    at main (/Users/omri/dev/tgPolymarketBot/node_modules/ts-node/src/bin.ts:55:10)\n    at Object.<anonymous> (/Users/omri/dev/tgPolymarketBot/node_modules/ts-node/src/bin.ts:800:3)"},"level":"error","message":"Error in Unhandled Rejection","promise":{},"timestamp":"2025-06-06T20:05:37.811Z"}
{"level":"info","message":"Received shutdown signal, starting graceful shutdown...","timestamp":"2025-06-06T20:05:37.812Z"}
{"level":"info","message":"Initializing Hedera client","network":"testnet","operatorId":"0.0.6061899","timestamp":"2025-06-06T20:05:47.089Z"}
{"level":"info","message":"Hedera operator set with private key","timestamp":"2025-06-06T20:05:47.091Z"}
{"commands":["start","help","create_wallet","wallet_info","balance","send_hbar","search_markets"],"level":"info","message":"Bot starting...","polling":true,"timestamp":"2025-06-06T20:05:47.134Z"}
{"chatId":1070774807,"command":"/help","level":"info","message":"Telegram request received","timestamp":"2025-06-06T20:05:47.801Z","userId":1070774807,"username":"ocohen1"}
{"chatId":1070774807,"command":"help","level":"info","message":"Telegram request received","timestamp":"2025-06-06T20:05:47.801Z","userId":1070774807,"username":"ocohen1"}
{"chatId":1070774807,"command":"/help","level":"info","message":"Telegram request received","timestamp":"2025-06-06T20:05:47.803Z","userId":1070774807,"username":"ocohen1"}
{"chatId":1070774807,"command":"help","level":"info","message":"Telegram request received","timestamp":"2025-06-06T20:05:47.803Z","userId":1070774807,"username":"ocohen1"}
{"level":"info","message":"Bot commands set successfully","timestamp":"2025-06-06T20:05:47.976Z"}
{"error":{"message":"ETELEGRAM: 400 Bad Request: can't parse entities: Can't find end of the entity starting at byte offset 811","stack":"Error: ETELEGRAM: 400 Bad Request: can't parse entities: Can't find end of the entity starting at byte offset 811\n    at /Users/omri/dev/tgPolymarketBot/node_modules/node-telegram-bot-api/src/telegram.js:316:15\nFrom previous event:\n    at Request.RP$exposed [as then] (/Users/omri/dev/tgPolymarketBot/node_modules/request-promise-core/lib/plumbing.js:145:61)\n    at TelegramBot._request (/Users/omri/dev/tgPolymarketBot/node_modules/node-telegram-bot-api/src/telegram.js:304:8)\n    at TelegramBot.sendMessage (/Users/omri/dev/tgPolymarketBot/node_modules/node-telegram-bot-api/src/telegram.js:970:17)\n    at handleHelp (/Users/omri/dev/tgPolymarketBot/src/handlers/help-handler.ts:48:15)\n    at Object.callback (/Users/omri/dev/tgPolymarketBot/src/bot.ts:79:21)\n    at /Users/omri/dev/tgPolymarketBot/node_modules/node-telegram-bot-api/src/telegram.js:727:15\n    at Array.some (<anonymous>)\n    at TelegramBot.processUpdate (/Users/omri/dev/tgPolymarketBot/node_modules/node-telegram-bot-api/src/telegram.js:713:35)\n    at /Users/omri/dev/tgPolymarketBot/node_modules/node-telegram-bot-api/src/telegramPolling.js:110:22\n    at Array.forEach (<anonymous>)\n    at /Users/omri/dev/tgPolymarketBot/node_modules/node-telegram-bot-api/src/telegramPolling.js:106:17\n    at processImmediate (node:internal/timers:483:21)\nFrom previous event:\n    at TelegramBotPolling._polling (/Users/omri/dev/tgPolymarketBot/node_modules/node-telegram-bot-api/src/telegramPolling.js:103:8)\n    at TelegramBotPolling.start (/Users/omri/dev/tgPolymarketBot/node_modules/node-telegram-bot-api/src/telegramPolling.js:48:17)\n    at TelegramBot.startPolling (/Users/omri/dev/tgPolymarketBot/node_modules/node-telegram-bot-api/src/telegram.js:423:26)\n    at new TelegramBot (/Users/omri/dev/tgPolymarketBot/node_modules/node-telegram-bot-api/src/telegram.js:179:14)\n    at Object.<anonymous> (/Users/omri/dev/tgPolymarketBot/src/bot.ts:35:20)\n    at Module._compile (node:internal/modules/cjs/loader:1529:14)\n    at Module.m._compile (/Users/omri/dev/tgPolymarketBot/node_modules/ts-node/src/index.ts:1618:23)\n    at Module._extensions..js (node:internal/modules/cjs/loader:1613:10)\n    at Object.require.extensions.<computed> [as .ts] (/Users/omri/dev/tgPolymarketBot/node_modules/ts-node/src/index.ts:1621:12)\n    at Module.load (node:internal/modules/cjs/loader:1275:32)\n    at Function.Module._load (node:internal/modules/cjs/loader:1096:12)\n    at Module.require (node:internal/modules/cjs/loader:1298:19)\n    at require (node:internal/modules/helpers:182:18)\n    at Object.<anonymous> (/Users/omri/dev/tgPolymarketBot/src/index.ts:4:1)\n    at Module._compile (node:internal/modules/cjs/loader:1529:14)\n    at Module.m._compile (/Users/omri/dev/tgPolymarketBot/node_modules/ts-node/src/index.ts:1618:23)\n    at Module._extensions..js (node:internal/modules/cjs/loader:1613:10)\n    at Object.require.extensions.<computed> [as .ts] (/Users/omri/dev/tgPolymarketBot/node_modules/ts-node/src/index.ts:1621:12)\n    at Module.load (node:internal/modules/cjs/loader:1275:32)\n    at Function.Module._load (node:internal/modules/cjs/loader:1096:12)\n    at Function.executeUserEntryPoint [as runMain] (node:internal/modules/run_main:164:12)\n    at phase4 (/Users/omri/dev/tgPolymarketBot/node_modules/ts-node/src/bin.ts:649:14)\n    at bootstrap (/Users/omri/dev/tgPolymarketBot/node_modules/ts-node/src/bin.ts:95:10)\n    at main (/Users/omri/dev/tgPolymarketBot/node_modules/ts-node/src/bin.ts:55:10)\n    at Object.<anonymous> (/Users/omri/dev/tgPolymarketBot/node_modules/ts-node/src/bin.ts:800:3)"},"level":"error","message":"Error in Unhandled Rejection","promise":{},"timestamp":"2025-06-06T20:05:47.986Z"}
{"level":"info","message":"Received shutdown signal, starting graceful shutdown...","timestamp":"2025-06-06T20:05:47.987Z"}
{"level":"info","message":"Initializing Hedera client","network":"testnet","operatorId":"0.0.6061899","timestamp":"2025-06-06T20:06:43.749Z"}
{"level":"info","message":"Hedera operator set with private key","timestamp":"2025-06-06T20:06:43.751Z"}
{"commands":["start","help","create_wallet","wallet_info","balance","send_hbar","search_markets"],"level":"info","message":"Bot starting...","polling":true,"timestamp":"2025-06-06T20:06:43.796Z"}
{"chatId":1070774807,"command":"/help","level":"info","message":"Telegram request received","timestamp":"2025-06-06T20:06:44.271Z","userId":1070774807,"username":"ocohen1"}
{"chatId":1070774807,"command":"help","level":"info","message":"Telegram request received","timestamp":"2025-06-06T20:06:44.271Z","userId":1070774807,"username":"ocohen1"}
{"chatId":1070774807,"command":"/help","level":"info","message":"Telegram request received","timestamp":"2025-06-06T20:06:44.272Z","userId":1070774807,"username":"ocohen1"}
{"chatId":1070774807,"command":"help","level":"info","message":"Telegram request received","timestamp":"2025-06-06T20:06:44.272Z","userId":1070774807,"username":"ocohen1"}
{"level":"info","message":"Bot commands set successfully","timestamp":"2025-06-06T20:06:44.393Z"}
{"error":{"message":"ETELEGRAM: 400 Bad Request: can't parse entities: Can't find end of the entity starting at byte offset 811","stack":"Error: ETELEGRAM: 400 Bad Request: can't parse entities: Can't find end of the entity starting at byte offset 811\n    at /Users/omri/dev/tgPolymarketBot/node_modules/node-telegram-bot-api/src/telegram.js:316:15\nFrom previous event:\n    at Request.RP$exposed [as then] (/Users/omri/dev/tgPolymarketBot/node_modules/request-promise-core/lib/plumbing.js:145:61)\n    at TelegramBot._request (/Users/omri/dev/tgPolymarketBot/node_modules/node-telegram-bot-api/src/telegram.js:304:8)\n    at TelegramBot.sendMessage (/Users/omri/dev/tgPolymarketBot/node_modules/node-telegram-bot-api/src/telegram.js:970:17)\n    at handleHelp (/Users/omri/dev/tgPolymarketBot/src/handlers/help-handler.ts:48:15)\n    at Object.callback (/Users/omri/dev/tgPolymarketBot/src/bot.ts:79:21)\n    at /Users/omri/dev/tgPolymarketBot/node_modules/node-telegram-bot-api/src/telegram.js:727:15\n    at Array.some (<anonymous>)\n    at TelegramBot.processUpdate (/Users/omri/dev/tgPolymarketBot/node_modules/node-telegram-bot-api/src/telegram.js:713:35)\n    at /Users/omri/dev/tgPolymarketBot/node_modules/node-telegram-bot-api/src/telegramPolling.js:110:22\n    at Array.forEach (<anonymous>)\n    at /Users/omri/dev/tgPolymarketBot/node_modules/node-telegram-bot-api/src/telegramPolling.js:106:17\n    at processImmediate (node:internal/timers:483:21)\nFrom previous event:\n    at TelegramBotPolling._polling (/Users/omri/dev/tgPolymarketBot/node_modules/node-telegram-bot-api/src/telegramPolling.js:103:8)\n    at TelegramBotPolling.start (/Users/omri/dev/tgPolymarketBot/node_modules/node-telegram-bot-api/src/telegramPolling.js:48:17)\n    at TelegramBot.startPolling (/Users/omri/dev/tgPolymarketBot/node_modules/node-telegram-bot-api/src/telegram.js:423:26)\n    at new TelegramBot (/Users/omri/dev/tgPolymarketBot/node_modules/node-telegram-bot-api/src/telegram.js:179:14)\n    at Object.<anonymous> (/Users/omri/dev/tgPolymarketBot/src/bot.ts:35:20)\n    at Module._compile (node:internal/modules/cjs/loader:1529:14)\n    at Module.m._compile (/Users/omri/dev/tgPolymarketBot/node_modules/ts-node/src/index.ts:1618:23)\n    at Module._extensions..js (node:internal/modules/cjs/loader:1613:10)\n    at Object.require.extensions.<computed> [as .ts] (/Users/omri/dev/tgPolymarketBot/node_modules/ts-node/src/index.ts:1621:12)\n    at Module.load (node:internal/modules/cjs/loader:1275:32)\n    at Function.Module._load (node:internal/modules/cjs/loader:1096:12)\n    at Module.require (node:internal/modules/cjs/loader:1298:19)\n    at require (node:internal/modules/helpers:182:18)\n    at Object.<anonymous> (/Users/omri/dev/tgPolymarketBot/src/index.ts:4:1)\n    at Module._compile (node:internal/modules/cjs/loader:1529:14)\n    at Module.m._compile (/Users/omri/dev/tgPolymarketBot/node_modules/ts-node/src/index.ts:1618:23)\n    at Module._extensions..js (node:internal/modules/cjs/loader:1613:10)\n    at Object.require.extensions.<computed> [as .ts] (/Users/omri/dev/tgPolymarketBot/node_modules/ts-node/src/index.ts:1621:12)\n    at Module.load (node:internal/modules/cjs/loader:1275:32)\n    at Function.Module._load (node:internal/modules/cjs/loader:1096:12)\n    at Function.executeUserEntryPoint [as runMain] (node:internal/modules/run_main:164:12)\n    at phase4 (/Users/omri/dev/tgPolymarketBot/node_modules/ts-node/src/bin.ts:649:14)\n    at bootstrap (/Users/omri/dev/tgPolymarketBot/node_modules/ts-node/src/bin.ts:95:10)\n    at main (/Users/omri/dev/tgPolymarketBot/node_modules/ts-node/src/bin.ts:55:10)\n    at Object.<anonymous> (/Users/omri/dev/tgPolymarketBot/node_modules/ts-node/src/bin.ts:800:3)"},"level":"error","message":"Error in Unhandled Rejection","promise":{},"timestamp":"2025-06-06T20:06:44.426Z"}
{"level":"info","message":"Received shutdown signal, starting graceful shutdown...","timestamp":"2025-06-06T20:06:44.426Z"}
{"level":"info","message":"Initializing Hedera client","network":"testnet","operatorId":"0.0.6061899","timestamp":"2025-06-06T20:07:46.245Z"}
{"level":"info","message":"Hedera operator set with private key","timestamp":"2025-06-06T20:07:46.247Z"}
{"commands":["start","help","create_wallet","wallet_info","balance","send_hbar","search_markets"],"level":"info","message":"Bot starting...","polling":true,"timestamp":"2025-06-06T20:07:46.293Z"}
{"level":"info","message":"Initializing Hedera client","network":"testnet","operatorId":"0.0.6061899","timestamp":"2025-06-06T20:07:47.681Z"}
{"level":"info","message":"Hedera operator set with private key","timestamp":"2025-06-06T20:07:47.683Z"}
{"commands":["start","help","create_wallet","wallet_info","balance","send_hbar","search_markets"],"level":"info","message":"Bot starting...","polling":true,"timestamp":"2025-06-06T20:07:47.727Z"}
{"chatId":1070774807,"command":"/help","level":"info","message":"Telegram request received","timestamp":"2025-06-06T20:07:48.172Z","userId":1070774807,"username":"ocohen1"}
{"chatId":1070774807,"command":"help","level":"info","message":"Telegram request received","timestamp":"2025-06-06T20:07:48.173Z","userId":1070774807,"username":"ocohen1"}
{"chatId":1070774807,"command":"/help","level":"info","message":"Telegram request received","timestamp":"2025-06-06T20:07:48.175Z","userId":1070774807,"username":"ocohen1"}
{"chatId":1070774807,"command":"help","level":"info","message":"Telegram request received","timestamp":"2025-06-06T20:07:48.175Z","userId":1070774807,"username":"ocohen1"}
{"level":"info","message":"Bot commands set successfully","timestamp":"2025-06-06T20:07:48.305Z"}
{"chatId":1070774807,"command":"callback_query: wallet_info","level":"info","message":"Telegram request received","timestamp":"2025-06-06T20:07:56.644Z","userId":7988575448,"username":"Aigent_victorai_bot"}
{"level":"info","message":"Initializing Hedera client","network":"testnet","operatorId":"0.0.6061899","timestamp":"2025-06-06T20:09:04.911Z"}
{"level":"info","message":"Hedera operator set with private key","timestamp":"2025-06-06T20:09:04.913Z"}
{"commands":["start","help","create_wallet","wallet_info","balance","send_hbar","search_markets"],"level":"info","message":"Bot starting...","polling":true,"timestamp":"2025-06-06T20:09:04.957Z"}
{"level":"info","message":"Bot commands set successfully","timestamp":"2025-06-06T20:09:05.530Z"}
{"level":"info","message":"Initializing Hedera client","network":"testnet","operatorId":"0.0.6061899","timestamp":"2025-06-06T20:09:39.178Z"}
{"level":"info","message":"Hedera operator set with private key","timestamp":"2025-06-06T20:09:39.180Z"}
{"commands":["start","help","create_wallet","wallet_info","balance","send_hbar","search_markets"],"level":"info","message":"Bot starting...","polling":true,"timestamp":"2025-06-06T20:09:39.224Z"}
{"level":"info","message":"Bot commands set successfully","timestamp":"2025-06-06T20:09:39.794Z"}
{"chatId":1070774807,"command":"callback_query: wallet_info","level":"info","message":"Telegram request received","timestamp":"2025-06-06T20:09:39.941Z","userId":7988575448,"username":"Aigent_victorai_bot"}
{"level":"info","message":"Initializing Hedera client","network":"testnet","operatorId":"0.0.6061899","timestamp":"2025-06-06T20:10:41.668Z"}
{"level":"info","message":"Hedera operator set with private key","timestamp":"2025-06-06T20:10:41.670Z"}
{"commands":["start","help","create_wallet","wallet_info","balance","send_hbar","search_markets"],"level":"info","message":"Bot starting...","polling":true,"timestamp":"2025-06-06T20:10:41.714Z"}
{"level":"info","message":"Bot commands set successfully","timestamp":"2025-06-06T20:10:42.318Z"}
{"chatId":1070774807,"command":"/balance","level":"info","message":"Telegram request received","timestamp":"2025-06-06T20:10:51.124Z","userId":1070774807,"username":"ocohen1"}
{"chatId":1070774807,"command":"balance","level":"info","message":"Telegram request received","timestamp":"2025-06-06T20:10:51.125Z","userId":1070774807,"username":"ocohen1"}
{"level":"info","message":"Initializing Hedera client","network":"testnet","operatorId":"0.0.6061899","timestamp":"2025-06-06T20:10:58.492Z"}
{"level":"info","message":"Hedera operator set with private key","timestamp":"2025-06-06T20:10:58.494Z"}
{"commands":["start","help","create_wallet","wallet_info","balance","send_hbar","search_markets"],"level":"info","message":"Bot starting...","polling":true,"timestamp":"2025-06-06T20:10:58.537Z"}
{"level":"info","message":"Bot commands set successfully","timestamp":"2025-06-06T20:10:59.140Z"}
{"level":"info","message":"Initializing Hedera client","network":"testnet","operatorId":"0.0.6061899","timestamp":"2025-06-06T20:11:09.166Z"}
{"level":"info","message":"Hedera operator set with private key","timestamp":"2025-06-06T20:11:09.169Z"}
{"commands":["start","help","create_wallet","wallet_info","balance","send_hbar","search_markets"],"level":"info","message":"Bot starting...","polling":true,"timestamp":"2025-06-06T20:11:09.212Z"}
{"level":"info","message":"Bot commands set successfully","timestamp":"2025-06-06T20:11:09.826Z"}
{"chatId":1070774807,"command":"/wallet_info","level":"info","message":"Telegram request received","timestamp":"2025-06-06T20:11:19.021Z","userId":1070774807,"username":"ocohen1"}
{"chatId":1070774807,"command":"wallet_info","level":"info","message":"Telegram request received","timestamp":"2025-06-06T20:11:19.022Z","userId":1070774807,"username":"ocohen1"}
{"chatId":1070774807,"command":"callback_query: copy:evm:0x8e7a07812627a00a92516d28bc99ee018309a33c","level":"info","message":"Telegram request received","timestamp":"2025-06-06T20:11:21.004Z","userId":7988575448,"username":"Aigent_victorai_bot"}
{"chatId":1070774807,"command":"callback_query: copy:account:0.0.6114300","level":"info","message":"Telegram request received","timestamp":"2025-06-06T20:11:24.497Z","userId":7988575448,"username":"Aigent_victorai_bot"}
{"chatId":1070774807,"command":"callback_query: copy:evm:0x8e7a07812627a00a92516d28bc99ee018309a33c","level":"info","message":"Telegram request received","timestamp":"2025-06-06T20:11:30.631Z","userId":7988575448,"username":"Aigent_victorai_bot"}
{"chatId":1070774807,"command":"callback_query: copy:evm:0x8e7a07812627a00a92516d28bc99ee018309a33c","level":"info","message":"Telegram request received","timestamp":"2025-06-06T20:12:08.580Z","userId":7988575448,"username":"Aigent_victorai_bot"}
{"level":"info","message":"Initializing Hedera client","network":"testnet","operatorId":"0.0.6061899","timestamp":"2025-06-06T20:13:28.606Z"}
{"level":"info","message":"Hedera operator set with private key","timestamp":"2025-06-06T20:13:28.608Z"}
{"commands":["start","help","create_wallet","wallet_info","balance","send_hbar","search_markets"],"level":"info","message":"Bot starting...","polling":true,"timestamp":"2025-06-06T20:13:28.671Z"}
{"level":"info","message":"Bot commands set successfully","timestamp":"2025-06-06T20:13:29.272Z"}
{"chatId":1070774807,"command":"/wallet_info","level":"info","message":"Telegram request received","timestamp":"2025-06-06T20:13:31.743Z","userId":1070774807,"username":"ocohen1"}
{"chatId":1070774807,"command":"wallet_info","level":"info","message":"Telegram request received","timestamp":"2025-06-06T20:13:31.744Z","userId":1070774807,"username":"ocohen1"}
{"chatId":1070774807,"command":"/wallet_info","level":"info","message":"Telegram request received","timestamp":"2025-06-06T20:13:43.903Z","userId":1070774807,"username":"ocohen1"}
{"chatId":1070774807,"command":"wallet_info","level":"info","message":"Telegram request received","timestamp":"2025-06-06T20:13:43.904Z","userId":1070774807,"username":"ocohen1"}
{"level":"info","message":"Initializing Hedera client","network":"testnet","operatorId":"0.0.6061899","timestamp":"2025-06-06T20:14:34.772Z"}
{"level":"info","message":"Hedera operator set with private key","timestamp":"2025-06-06T20:14:34.774Z"}
{"commands":["start","help","create_wallet","wallet_info","balance","send_hbar","search_markets"],"level":"info","message":"Bot starting...","polling":true,"timestamp":"2025-06-06T20:14:34.830Z"}
{"chatId":1070774807,"command":"/wallet_info","level":"info","message":"Telegram request received","timestamp":"2025-06-06T20:14:35.301Z","userId":1070774807,"username":"ocohen1"}
{"chatId":1070774807,"command":"wallet_info","level":"info","message":"Telegram request received","timestamp":"2025-06-06T20:14:35.302Z","userId":1070774807,"username":"ocohen1"}
{"level":"info","message":"Bot commands set successfully","timestamp":"2025-06-06T20:14:35.453Z"}
{"level":"info","message":"Initializing Hedera client","network":"testnet","operatorId":"0.0.6061899","timestamp":"2025-06-06T20:14:57.022Z"}
{"level":"info","message":"Hedera operator set with private key","timestamp":"2025-06-06T20:14:57.024Z"}
{"commands":["start","help","create_wallet","wallet_info","balance","send_hbar","search_markets"],"level":"info","message":"Bot starting...","polling":true,"timestamp":"2025-06-06T20:14:57.078Z"}
{"chatId":1070774807,"command":"/wallet_info","level":"info","message":"Telegram request received","timestamp":"2025-06-06T20:14:57.822Z","userId":1070774807,"username":"ocohen1"}
{"chatId":1070774807,"command":"wallet_info","level":"info","message":"Telegram request received","timestamp":"2025-06-06T20:14:57.822Z","userId":1070774807,"username":"ocohen1"}
{"level":"info","message":"Bot commands set successfully","timestamp":"2025-06-06T20:14:57.825Z"}
{"level":"info","message":"Initializing Hedera client","network":"testnet","operatorId":"0.0.6061899","timestamp":"2025-06-06T20:15:18.315Z"}
{"level":"info","message":"Hedera operator set with private key","timestamp":"2025-06-06T20:15:18.318Z"}
{"commands":["start","help","create_wallet","wallet_info","balance","send_hbar","search_markets"],"level":"info","message":"Bot starting...","polling":true,"timestamp":"2025-06-06T20:15:18.360Z"}
{"chatId":1070774807,"command":"/wallet_info","level":"info","message":"Telegram request received","timestamp":"2025-06-06T20:15:18.838Z","userId":1070774807,"username":"ocohen1"}
{"chatId":1070774807,"command":"wallet_info","level":"info","message":"Telegram request received","timestamp":"2025-06-06T20:15:18.839Z","userId":1070774807,"username":"ocohen1"}
{"level":"info","message":"Bot commands set successfully","timestamp":"2025-06-06T20:15:19.075Z"}
{"chatId":1070774807,"command":"/wallet_info","level":"info","message":"Telegram request received","timestamp":"2025-06-06T20:15:27.267Z","userId":1070774807,"username":"ocohen1"}
{"chatId":1070774807,"command":"wallet_info","level":"info","message":"Telegram request received","timestamp":"2025-06-06T20:15:27.268Z","userId":1070774807,"username":"ocohen1"}
{"level":"info","message":"Initializing Hedera client","network":"testnet","operatorId":"0.0.6061899","timestamp":"2025-06-06T20:16:11.357Z"}
{"level":"info","message":"Hedera operator set with private key","timestamp":"2025-06-06T20:16:11.359Z"}
{"commands":["start","help","create_wallet","wallet_info","balance","send_hbar","search_markets"],"level":"info","message":"Bot starting...","polling":true,"timestamp":"2025-06-06T20:16:11.404Z"}
{"level":"info","message":"Bot commands set successfully","timestamp":"2025-06-06T20:16:11.974Z"}
{"chatId":1070774807,"command":"/wallet_info","level":"info","message":"Telegram request received","timestamp":"2025-06-06T20:16:13.331Z","userId":1070774807,"username":"ocohen1"}
{"chatId":1070774807,"command":"wallet_info","level":"info","message":"Telegram request received","timestamp":"2025-06-06T20:16:13.332Z","userId":1070774807,"username":"ocohen1"}
{"level":"info","message":"Initializing Hedera client","network":"testnet","operatorId":"0.0.6061899","timestamp":"2025-06-06T20:17:19.857Z"}
{"level":"info","message":"Hedera operator set with private key","timestamp":"2025-06-06T20:17:19.859Z"}
{"commands":["start","help","create_wallet","wallet_info","balance","send_hbar","search_markets"],"level":"info","message":"Bot starting...","polling":true,"timestamp":"2025-06-06T20:17:19.900Z"}
{"level":"info","message":"Bot commands set successfully","timestamp":"2025-06-06T20:17:20.635Z"}
{"chatId":1070774807,"command":"/wallet_info","level":"info","message":"Telegram request received","timestamp":"2025-06-06T20:17:22.190Z","userId":1070774807,"username":"ocohen1"}
{"chatId":1070774807,"command":"wallet_info","level":"info","message":"Telegram request received","timestamp":"2025-06-06T20:17:22.192Z","userId":1070774807,"username":"ocohen1"}
{"level":"info","message":"Initializing Hedera client","network":"testnet","operatorId":"0.0.6061899","timestamp":"2025-06-06T20:17:43.941Z"}
{"level":"info","message":"Hedera operator set with private key","timestamp":"2025-06-06T20:17:43.943Z"}
{"commands":["start","help","create_wallet","wallet_info","balance","send_hbar","search_markets"],"level":"info","message":"Bot starting...","polling":true,"timestamp":"2025-06-06T20:17:43.985Z"}
{"level":"info","message":"Bot commands set successfully","timestamp":"2025-06-06T20:17:44.566Z"}
{"chatId":1070774807,"command":"/wallet_info","level":"info","message":"Telegram request received","timestamp":"2025-06-06T20:17:46.675Z","userId":1070774807,"username":"ocohen1"}
{"chatId":1070774807,"command":"wallet_info","level":"info","message":"Telegram request received","timestamp":"2025-06-06T20:17:46.676Z","userId":1070774807,"username":"ocohen1"}
{"level":"info","message":"Initializing Hedera client","network":"testnet","operatorId":"0.0.6061899","timestamp":"2025-06-06T20:18:10.365Z"}
{"level":"info","message":"Hedera operator set with private key","timestamp":"2025-06-06T20:18:10.366Z"}
{"commands":["start","help","create_wallet","wallet_info","balance","send_hbar","search_markets"],"level":"info","message":"Bot starting...","polling":true,"timestamp":"2025-06-06T20:18:10.412Z"}
{"level":"info","message":"Bot commands set successfully","timestamp":"2025-06-06T20:18:10.991Z"}
{"chatId":1070774807,"command":"/wallet_info","level":"info","message":"Telegram request received","timestamp":"2025-06-06T20:18:12.195Z","userId":1070774807,"username":"ocohen1"}
{"chatId":1070774807,"command":"wallet_info","level":"info","message":"Telegram request received","timestamp":"2025-06-06T20:18:12.196Z","userId":1070774807,"username":"ocohen1"}
{"level":"info","message":"Initializing Hedera client","network":"testnet","operatorId":"0.0.6061899","timestamp":"2025-06-06T20:18:31.007Z"}
{"level":"info","message":"Hedera operator set with private key","timestamp":"2025-06-06T20:18:31.008Z"}
{"commands":["start","help","create_wallet","wallet_info","balance","send_hbar","search_markets"],"level":"info","message":"Bot starting...","polling":true,"timestamp":"2025-06-06T20:18:31.051Z"}
{"chatId":1070774807,"command":"/wallet_info","level":"info","message":"Telegram request received","timestamp":"2025-06-06T20:18:31.537Z","userId":1070774807,"username":"ocohen1"}
{"chatId":1070774807,"command":"wallet_info","level":"info","message":"Telegram request received","timestamp":"2025-06-06T20:18:31.537Z","userId":1070774807,"username":"ocohen1"}
{"level":"info","message":"Bot commands set successfully","timestamp":"2025-06-06T20:18:31.638Z"}
{"level":"info","message":"Initializing Hedera client","network":"testnet","operatorId":"0.0.6061899","timestamp":"2025-06-06T20:18:42.687Z"}
{"level":"info","message":"Hedera operator set with private key","timestamp":"2025-06-06T20:18:42.689Z"}
{"commands":["start","help","create_wallet","wallet_info","balance","send_hbar","search_markets"],"level":"info","message":"Bot starting...","polling":true,"timestamp":"2025-06-06T20:18:42.750Z"}
{"chatId":1070774807,"command":"/wallet_info","level":"info","message":"Telegram request received","timestamp":"2025-06-06T20:18:43.232Z","userId":1070774807,"username":"ocohen1"}
{"chatId":1070774807,"command":"wallet_info","level":"info","message":"Telegram request received","timestamp":"2025-06-06T20:18:43.233Z","userId":1070774807,"username":"ocohen1"}
{"level":"info","message":"Bot commands set successfully","timestamp":"2025-06-06T20:18:43.335Z"}
{"level":"info","message":"Initializing Hedera client","network":"testnet","operatorId":"0.0.6061899","timestamp":"2025-06-06T20:18:57.026Z"}
{"level":"info","message":"Hedera operator set with private key","timestamp":"2025-06-06T20:18:57.028Z"}
{"commands":["start","help","create_wallet","wallet_info","balance","send_hbar","search_markets"],"level":"info","message":"Bot starting...","polling":true,"timestamp":"2025-06-06T20:18:57.071Z"}
{"chatId":1070774807,"command":"/wallet_info","level":"info","message":"Telegram request received","timestamp":"2025-06-06T20:18:57.523Z","userId":1070774807,"username":"ocohen1"}
{"chatId":1070774807,"command":"wallet_info","level":"info","message":"Telegram request received","timestamp":"2025-06-06T20:18:57.524Z","userId":1070774807,"username":"ocohen1"}
{"level":"info","message":"Bot commands set successfully","timestamp":"2025-06-06T20:18:57.627Z"}
{"level":"info","message":"Initializing Hedera client","network":"testnet","operatorId":"0.0.6061899","timestamp":"2025-06-06T20:19:08.172Z"}
{"level":"info","message":"Hedera operator set with private key","timestamp":"2025-06-06T20:19:08.174Z"}
{"commands":["start","help","create_wallet","wallet_info","balance","send_hbar","search_markets"],"level":"info","message":"Bot starting...","polling":true,"timestamp":"2025-06-06T20:19:08.216Z"}
{"level":"info","message":"Bot commands set successfully","timestamp":"2025-06-06T20:19:09.121Z"}
{"chatId":1070774807,"command":"/wallet_info","level":"info","message":"Telegram request received","timestamp":"2025-06-06T20:19:28.277Z","userId":1070774807,"username":"ocohen1"}
{"chatId":1070774807,"command":"wallet_info","level":"info","message":"Telegram request received","timestamp":"2025-06-06T20:19:28.279Z","userId":1070774807,"username":"ocohen1"}
{"level":"info","message":"Initializing Hedera client","network":"testnet","operatorId":"0.0.6061899","timestamp":"2025-06-06T20:20:09.649Z"}
{"level":"info","message":"Hedera operator set with private key","timestamp":"2025-06-06T20:20:09.651Z"}
{"commands":["start","help","create_wallet","wallet_info","balance","send_hbar","search_markets"],"level":"info","message":"Bot starting...","polling":true,"timestamp":"2025-06-06T20:20:09.707Z"}
{"level":"info","message":"Bot commands set successfully","timestamp":"2025-06-06T20:20:10.455Z"}
{"chatId":1070774807,"command":"/wallet_info","level":"info","message":"Telegram request received","timestamp":"2025-06-06T20:20:10.986Z","userId":1070774807,"username":"ocohen1"}
{"chatId":1070774807,"command":"wallet_info","level":"info","message":"Telegram request received","timestamp":"2025-06-06T20:20:10.987Z","userId":1070774807,"username":"ocohen1"}
{"level":"info","message":"Initializing Hedera client","network":"testnet","operatorId":"0.0.6061899","timestamp":"2025-06-06T20:20:22.649Z"}
{"level":"info","message":"Hedera operator set with private key","timestamp":"2025-06-06T20:20:22.650Z"}
{"commands":["start","help","create_wallet","wallet_info","balance","send_hbar","search_markets"],"level":"info","message":"Bot starting...","polling":true,"timestamp":"2025-06-06T20:20:22.692Z"}
{"chatId":1070774807,"command":"/wallet_info","level":"info","message":"Telegram request received","timestamp":"2025-06-06T20:20:23.177Z","userId":1070774807,"username":"ocohen1"}
{"chatId":1070774807,"command":"wallet_info","level":"info","message":"Telegram request received","timestamp":"2025-06-06T20:20:23.177Z","userId":1070774807,"username":"ocohen1"}
{"level":"info","message":"Bot commands set successfully","timestamp":"2025-06-06T20:20:23.278Z"}
{"level":"info","message":"Initializing Hedera client","network":"testnet","operatorId":"0.0.6061899","timestamp":"2025-06-06T20:21:04.071Z"}
{"level":"info","message":"Hedera operator set with private key","timestamp":"2025-06-06T20:21:04.073Z"}
{"commands":["start","help","create_wallet","wallet_info","balance","send_hbar","search_markets"],"level":"info","message":"Bot starting...","polling":true,"timestamp":"2025-06-06T20:21:04.129Z"}
{"chatId":1070774807,"command":"/wallet_info","level":"info","message":"Telegram request received","timestamp":"2025-06-06T20:21:04.649Z","userId":1070774807,"username":"ocohen1"}
{"chatId":1070774807,"command":"wallet_info","level":"info","message":"Telegram request received","timestamp":"2025-06-06T20:21:04.649Z","userId":1070774807,"username":"ocohen1"}
{"level":"info","message":"Bot commands set successfully","timestamp":"2025-06-06T20:21:04.712Z"}
{"level":"info","message":"Initializing Hedera client","network":"testnet","operatorId":"0.0.6061899","timestamp":"2025-06-06T20:21:16.326Z"}
{"level":"info","message":"Hedera operator set with private key","timestamp":"2025-06-06T20:21:16.328Z"}
{"commands":["start","help","create_wallet","wallet_info","balance","send_hbar","search_markets"],"level":"info","message":"Bot starting...","polling":true,"timestamp":"2025-06-06T20:21:16.371Z"}
{"chatId":1070774807,"command":"/wallet_info","level":"info","message":"Telegram request received","timestamp":"2025-06-06T20:21:16.843Z","userId":1070774807,"username":"ocohen1"}
{"chatId":1070774807,"command":"wallet_info","level":"info","message":"Telegram request received","timestamp":"2025-06-06T20:21:16.844Z","userId":1070774807,"username":"ocohen1"}
{"level":"info","message":"Bot commands set successfully","timestamp":"2025-06-06T20:21:16.910Z"}
{"level":"info","message":"Initializing Hedera client","network":"testnet","operatorId":"0.0.6061899","timestamp":"2025-06-06T20:21:26.586Z"}
{"level":"info","message":"Hedera operator set with private key","timestamp":"2025-06-06T20:21:26.588Z"}
{"commands":["start","help","create_wallet","wallet_info","balance","send_hbar","search_markets"],"level":"info","message":"Bot starting...","polling":true,"timestamp":"2025-06-06T20:21:26.632Z"}
{"level":"info","message":"Initializing Hedera client","network":"testnet","operatorId":"0.0.6061899","timestamp":"2025-06-06T20:21:28.188Z"}
{"level":"info","message":"Hedera operator set with private key","timestamp":"2025-06-06T20:21:28.190Z"}
{"commands":["start","help","create_wallet","wallet_info","balance","send_hbar","search_markets"],"level":"info","message":"Bot starting...","polling":true,"timestamp":"2025-06-06T20:21:28.233Z"}
{"chatId":1070774807,"command":"/wallet_info","level":"info","message":"Telegram request received","timestamp":"2025-06-06T20:21:28.863Z","userId":1070774807,"username":"ocohen1"}
{"chatId":1070774807,"command":"wallet_info","level":"info","message":"Telegram request received","timestamp":"2025-06-06T20:21:28.864Z","userId":1070774807,"username":"ocohen1"}
{"level":"info","message":"Bot commands set successfully","timestamp":"2025-06-06T20:21:29.040Z"}
{"level":"info","message":"Initializing Hedera client","network":"testnet","operatorId":"0.0.6061899","timestamp":"2025-06-06T20:21:46.391Z"}
{"level":"info","message":"Hedera operator set with private key","timestamp":"2025-06-06T20:21:46.393Z"}
{"commands":["start","help","create_wallet","wallet_info","balance","send_hbar","search_markets"],"level":"info","message":"Bot starting...","polling":true,"timestamp":"2025-06-06T20:21:46.435Z"}
{"chatId":1070774807,"command":"/wallet_info","level":"info","message":"Telegram request received","timestamp":"2025-06-06T20:21:46.983Z","userId":1070774807,"username":"ocohen1"}
{"chatId":1070774807,"command":"wallet_info","level":"info","message":"Telegram request received","timestamp":"2025-06-06T20:21:46.984Z","userId":1070774807,"username":"ocohen1"}
{"level":"info","message":"Bot commands set successfully","timestamp":"2025-06-06T20:21:47.199Z"}
{"level":"info","message":"Initializing Hedera client","network":"testnet","operatorId":"0.0.6061899","timestamp":"2025-06-06T20:22:39.111Z"}
{"level":"info","message":"Hedera operator set with private key","timestamp":"2025-06-06T20:22:39.113Z"}
{"commands":["start","help","create_wallet","wallet_info","balance","send_hbar","search_markets"],"level":"info","message":"Bot starting...","polling":true,"timestamp":"2025-06-06T20:22:39.156Z"}
{"level":"info","message":"Bot commands set successfully","timestamp":"2025-06-06T20:22:39.686Z"}
{"level":"info","message":"Initializing Hedera client","network":"testnet","operatorId":"0.0.6061899","timestamp":"2025-06-06T20:22:40.997Z"}
{"level":"info","message":"Hedera operator set with private key","timestamp":"2025-06-06T20:22:40.999Z"}
{"commands":["start","help","create_wallet","wallet_info","balance","send_hbar","search_markets"],"level":"info","message":"Bot starting...","polling":true,"timestamp":"2025-06-06T20:22:41.043Z"}
{"chatId":1070774807,"command":"/wallet_info","level":"info","message":"Telegram request received","timestamp":"2025-06-06T20:22:41.471Z","userId":1070774807,"username":"ocohen1"}
{"chatId":1070774807,"command":"wallet_info","level":"info","message":"Telegram request received","timestamp":"2025-06-06T20:22:41.471Z","userId":1070774807,"username":"ocohen1"}
{"level":"info","message":"Bot commands set successfully","timestamp":"2025-06-06T20:22:42.529Z"}
{"level":"info","message":"Initializing Hedera client","network":"testnet","operatorId":"0.0.6061899","timestamp":"2025-06-06T20:23:28.395Z"}
{"level":"info","message":"Hedera operator set with private key","timestamp":"2025-06-06T20:23:28.397Z"}
{"commands":["start","help","create_wallet","wallet_info","balance","send_hbar","search_markets"],"level":"info","message":"Bot starting...","polling":true,"timestamp":"2025-06-06T20:23:28.441Z"}
{"level":"info","message":"Bot commands set successfully","timestamp":"2025-06-06T20:23:28.982Z"}
{"chatId":1070774807,"command":"/wallet_info","level":"info","message":"Telegram request received","timestamp":"2025-06-06T20:23:29.137Z","userId":1070774807,"username":"ocohen1"}
{"chatId":1070774807,"command":"wallet_info","level":"info","message":"Telegram request received","timestamp":"2025-06-06T20:23:29.138Z","userId":1070774807,"username":"ocohen1"}
{"level":"info","message":"Initializing Hedera client","network":"testnet","operatorId":"0.0.6061899","timestamp":"2025-06-06T20:23:38.990Z"}
{"level":"info","message":"Hedera operator set with private key","timestamp":"2025-06-06T20:23:38.992Z"}
{"commands":["start","help","create_wallet","wallet_info","balance","send_hbar","search_markets"],"level":"info","message":"Bot starting...","polling":true,"timestamp":"2025-06-06T20:23:39.034Z"}
{"chatId":1070774807,"command":"/wallet_info","level":"info","message":"Telegram request received","timestamp":"2025-06-06T20:23:39.452Z","userId":1070774807,"username":"ocohen1"}
{"chatId":1070774807,"command":"wallet_info","level":"info","message":"Telegram request received","timestamp":"2025-06-06T20:23:39.453Z","userId":1070774807,"username":"ocohen1"}
{"level":"info","message":"Bot commands set successfully","timestamp":"2025-06-06T20:23:39.724Z"}
{"level":"info","message":"Initializing Hedera client","network":"testnet","operatorId":"0.0.6061899","timestamp":"2025-06-06T20:23:47.535Z"}
{"level":"info","message":"Hedera operator set with private key","timestamp":"2025-06-06T20:23:47.537Z"}
{"commands":["start","help","create_wallet","wallet_info","balance","send_hbar","search_markets"],"level":"info","message":"Bot starting...","polling":true,"timestamp":"2025-06-06T20:23:47.580Z"}
{"chatId":1070774807,"command":"/wallet_info","level":"info","message":"Telegram request received","timestamp":"2025-06-06T20:23:48.086Z","userId":1070774807,"username":"ocohen1"}
{"chatId":1070774807,"command":"wallet_info","level":"info","message":"Telegram request received","timestamp":"2025-06-06T20:23:48.087Z","userId":1070774807,"username":"ocohen1"}
{"level":"info","message":"Bot commands set successfully","timestamp":"2025-06-06T20:23:48.170Z"}
{"level":"info","message":"Initializing Hedera client","network":"testnet","operatorId":"0.0.6061899","timestamp":"2025-06-06T20:24:01.167Z"}
{"level":"info","message":"Hedera operator set with private key","timestamp":"2025-06-06T20:24:01.169Z"}
{"commands":["start","help","create_wallet","wallet_info","balance","send_hbar","search_markets"],"level":"info","message":"Bot starting...","polling":true,"timestamp":"2025-06-06T20:24:01.215Z"}
{"level":"info","message":"Bot commands set successfully","timestamp":"2025-06-06T20:24:01.732Z"}
{"chatId":1070774807,"command":"/wallet_info","level":"info","message":"Telegram request received","timestamp":"2025-06-06T20:24:02.775Z","userId":1070774807,"username":"ocohen1"}
{"chatId":1070774807,"command":"wallet_info","level":"info","message":"Telegram request received","timestamp":"2025-06-06T20:24:02.776Z","userId":1070774807,"username":"ocohen1"}
{"level":"info","message":"Initializing Hedera client","network":"testnet","operatorId":"0.0.6061899","timestamp":"2025-06-06T20:24:29.249Z"}
{"level":"info","message":"Hedera operator set with private key","timestamp":"2025-06-06T20:24:29.251Z"}
{"commands":["start","help","create_wallet","wallet_info","balance","send_hbar","search_markets"],"level":"info","message":"Bot starting...","polling":true,"timestamp":"2025-06-06T20:24:29.310Z"}
{"chatId":1070774807,"command":"/wallet_info","level":"info","message":"Telegram request received","timestamp":"2025-06-06T20:24:29.732Z","userId":1070774807,"username":"ocohen1"}
{"chatId":1070774807,"command":"wallet_info","level":"info","message":"Telegram request received","timestamp":"2025-06-06T20:24:29.733Z","userId":1070774807,"username":"ocohen1"}
{"level":"info","message":"Bot commands set successfully","timestamp":"2025-06-06T20:24:29.846Z"}
